Release 14.7 - xst P.20131013 (nt64)
Copyright (c) 1995-2013 Xilinx, Inc.  All rights reserved.
--> Parameter TMPDIR set to xst/projnav.tmp


Total REAL time to Xst completion: 0.00 secs
Total CPU time to Xst completion: 0.08 secs
 
--> Parameter xsthdpdir set to xst


Total REAL time to Xst completion: 0.00 secs
Total CPU time to Xst completion: 0.08 secs
 
--> Reading design: divide_by3.prj

TABLE OF CONTENTS
  1) Synthesis Options Summary
  2) HDL Parsing
  3) HDL Elaboration
  4) HDL Synthesis
       4.1) HDL Synthesis Report
  5) Advanced HDL Synthesis
       5.1) Advanced HDL Synthesis Report
  6) Low Level Synthesis
  7) Partition Report
  8) Design Summary
       8.1) Primitive and Black Box Usage
       8.2) Device utilization summary
       8.3) Partition Resource Summary
       8.4) Timing Report
            8.4.1) Clock Information
            8.4.2) Asynchronous Control Signals Information
            8.4.3) Timing Summary
            8.4.4) Timing Details
            8.4.5) Cross Clock Domains Report


=========================================================================
*                      Synthesis Options Summary                        *
=========================================================================
---- Source Parameters
Input File Name                    : "divide_by3.prj"
Ignore Synthesis Constraint File   : NO

---- Target Parameters
Output File Name                   : "divide_by3"
Output Format                      : NGC
Target Device                      : xc6vlx75t-3-ff484

---- Source Options
Top Module Name                    : divide_by3
Automatic FSM Extraction           : YES
FSM Encoding Algorithm             : Auto
Safe Implementation                : No
FSM Style                          : LUT
RAM Extraction                     : Yes
RAM Style                          : Auto
ROM Extraction                     : Yes
Shift Register Extraction          : YES
ROM Style                          : Distributed
Resource Sharing                   : YES
Asynchronous To Synchronous        : NO
Shift Register Minimum Size        : 2
Use DSP Block                      : Auto
Automatic Register Balancing       : Yes

---- Target Options
LUT Combining                      : Auto
Reduce Control Sets                : Auto
Add IO Buffers                     : NO
Global Maximum Fanout              : 100000
Add Generic Clock Buffer(BUFG)     : 32
Register Duplication               : YES
Move First FlipFlop Stage          : YES
Move Last FlipFlop Stage           : YES
Optimize Instantiated Primitives   : NO
Use Clock Enable                   : Auto
Use Synchronous Set                : Auto
Use Synchronous Reset              : Auto
Pack IO Registers into IOBs        : True
Equivalent register Removal        : YES

---- General Options
Optimization Goal                  : Speed
Optimization Effort                : 1
Power Reduction                    : NO
Keep Hierarchy                     : No
Netlist Hierarchy                  : As_Optimized
RTL Output                         : Yes
Global Optimization                : AllClockNets
Read Cores                         : YES
Write Timing Constraints           : NO
Cross Clock Analysis               : NO
Hierarchy Separator                : /
Bus Delimiter                      : <>
Case Specifier                     : Maintain
Slice Utilization Ratio            : 100
BRAM Utilization Ratio             : 100
DSP48 Utilization Ratio            : 100
Auto BRAM Packing                  : NO
Slice Utilization Ratio Delta      : 5

=========================================================================


=========================================================================
*                          HDL Parsing                                  *
=========================================================================
Parsing VHDL file "C:\Users\HP\Desktop\University\Academics\Capstone\aes128_vhdl\aes128_v4\clock_divider.vhd" into library work
Parsing entity <clock_divider>.
Parsing architecture <Arch> of entity <divide_by3>.
ERROR:HDLCompiler:374 - "C:\Users\HP\Desktop\University\Academics\Capstone\aes128_vhdl\aes128_v4\clock_divider.vhd" Line 16: Entity <divide_by3> is not yet compiled.
ERROR:HDLCompiler:69 - "C:\Users\HP\Desktop\University\Academics\Capstone\aes128_vhdl\aes128_v4\clock_divider.vhd" Line 17: <unsigned> is not declared.
ERROR:HDLCompiler:69 - "C:\Users\HP\Desktop\University\Academics\Capstone\aes128_vhdl\aes128_v4\clock_divider.vhd" Line 18: <std_logic> is not declared.
ERROR:HDLCompiler:69 - "C:\Users\HP\Desktop\University\Academics\Capstone\aes128_vhdl\aes128_v4\clock_divider.vhd" Line 19: <std_logic> is not declared.
ERROR:HDLCompiler:69 - "C:\Users\HP\Desktop\University\Academics\Capstone\aes128_vhdl\aes128_v4\clock_divider.vhd" Line 20: <std_logic> is not declared.
ERROR:HDLCompiler:69 - "C:\Users\HP\Desktop\University\Academics\Capstone\aes128_vhdl\aes128_v4\clock_divider.vhd" Line 21: <std_logic> is not declared.
ERROR:HDLCompiler:69 - "C:\Users\HP\Desktop\University\Academics\Capstone\aes128_vhdl\aes128_v4\clock_divider.vhd" Line 29: <counter> is not declared.
ERROR:HDLCompiler:69 - "C:\Users\HP\Desktop\University\Academics\Capstone\aes128_vhdl\aes128_v4\clock_divider.vhd" Line 32: <counter> is not declared.
ERROR:HDLCompiler:69 - "C:\Users\HP\Desktop\University\Academics\Capstone\aes128_vhdl\aes128_v4\clock_divider.vhd" Line 34: <counter> is not declared.
ERROR:HDLCompiler:69 - "C:\Users\HP\Desktop\University\Academics\Capstone\aes128_vhdl\aes128_v4\clock_divider.vhd" Line 31: <counter> is not declared.
ERROR:HDLCompiler:69 - "C:\Users\HP\Desktop\University\Academics\Capstone\aes128_vhdl\aes128_v4\clock_divider.vhd" Line 30: <rising_edge> is not declared.
ERROR:HDLCompiler:69 - "C:\Users\HP\Desktop\University\Academics\Capstone\aes128_vhdl\aes128_v4\clock_divider.vhd" Line 28: <reset_n> is not declared.
ERROR:HDLCompiler:69 - "C:\Users\HP\Desktop\University\Academics\Capstone\aes128_vhdl\aes128_v4\clock_divider.vhd" Line 26: <clk> is not declared.
ERROR:HDLCompiler:69 - "C:\Users\HP\Desktop\University\Academics\Capstone\aes128_vhdl\aes128_v4\clock_divider.vhd" Line 43: <clk_low_cnt> is not declared.
ERROR:HDLCompiler:69 - "C:\Users\HP\Desktop\University\Academics\Capstone\aes128_vhdl\aes128_v4\clock_divider.vhd" Line 44: <clk_high_cnt> is not declared.
ERROR:HDLCompiler:69 - "C:\Users\HP\Desktop\University\Academics\Capstone\aes128_vhdl\aes128_v4\clock_divider.vhd" Line 47: <clk_low_cnt> is not declared.
ERROR:HDLCompiler:69 - "C:\Users\HP\Desktop\University\Academics\Capstone\aes128_vhdl\aes128_v4\clock_divider.vhd" Line 49: <clk_low_cnt> is not declared.
ERROR:HDLCompiler:69 - "C:\Users\HP\Desktop\University\Academics\Capstone\aes128_vhdl\aes128_v4\clock_divider.vhd" Line 46: <counter> is not declared.
ERROR:HDLCompiler:69 - "C:\Users\HP\Desktop\University\Academics\Capstone\aes128_vhdl\aes128_v4\clock_divider.vhd" Line 52: <clk_high_cnt> is not declared.
Sorry, too many errors..
--> 

Total memory usage is 229536 kilobytes

Number of errors   :   19 (   0 filtered)
Number of warnings :    0 (   0 filtered)
Number of infos    :    0 (   0 filtered)

