ISim log file
Running: C:\Users\HP\Desktop\University\Academics\Capstone\aes128_vhdl\aes128_v4\aes_encdec_tb_isim_beh.exe -intstyle ise -gui -tclbatch isim.cmd -wdb C:/Users/HP/Desktop/University/Academics/Capstone/aes128_vhdl/aes128_v4/aes_encdec_tb_isim_beh.wdb 
ISim P.20131013 (signature 0x7708f090)
WARNING: A WEBPACK license was found.
WARNING: Please use Xilinx License Configuration Manager to check out a full ISim license.
WARNING: ISim will run in Lite mode. Please refer to the ISim documentation for more information on the differences between the Lite and the Full version.
This is a Lite version of ISim.
Time resolution is 1 ps
# onerror resume
# wave add /
# run 1000 ns
Simulator is doing circuit initialization process.
at 0 ps, Instance /aes_encdec_tb/uut/encrypter/sBoxShift/ : Warning: NUMERIC_STD.TO_INTEGER: metavalue detected, returning 0
at 0 ps, Instance /aes_encdec_tb/uut/encrypter/sBoxShift/ : Warning: NUMERIC_STD.TO_INTEGER: metavalue detected, returning 0
at 0 ps, Instance /aes_encdec_tb/uut/encrypter/sBoxShift/ : Warning: NUMERIC_STD.TO_INTEGER: metavalue detected, returning 0
at 0 ps, Instance /aes_encdec_tb/uut/encrypter/sBoxShift/ : Warning: NUMERIC_STD.TO_INTEGER: metavalue detected, returning 0
at 0 ps, Instance /aes_encdec_tb/uut/encrypter/sBoxShift/ : Warning: NUMERIC_STD.TO_INTEGER: metavalue detected, returning 0
at 0 ps, Instance /aes_encdec_tb/uut/encrypter/sBoxShift/ : Warning: NUMERIC_STD.TO_INTEGER: metavalue detected, returning 0
at 0 ps, Instance /aes_encdec_tb/uut/encrypter/sBoxShift/ : Warning: NUMERIC_STD.TO_INTEGER: metavalue detected, returning 0
at 0 ps, Instance /aes_encdec_tb/uut/encrypter/sBoxShift/ : Warning: NUMERIC_STD.TO_INTEGER: metavalue detected, returning 0
at 0 ps, Instance /aes_encdec_tb/uut/encrypter/sBoxShift/ : Warning: NUMERIC_STD.TO_INTEGER: metavalue detected, returning 0
at 0 ps, Instance /aes_encdec_tb/uut/encrypter/sBoxShift/ : Warning: NUMERIC_STD.TO_INTEGER: metavalue detected, returning 0
at 0 ps, Instance /aes_encdec_tb/uut/encrypter/sBoxShift/ : Warning: NUMERIC_STD.TO_INTEGER: metavalue detected, returning 0
at 0 ps, Instance /aes_encdec_tb/uut/encrypter/sBoxShift/ : Warning: NUMERIC_STD.TO_INTEGER: metavalue detected, returning 0
at 0 ps, Instance /aes_encdec_tb/uut/encrypter/sBoxShift/ : Warning: NUMERIC_STD.TO_INTEGER: metavalue detected, returning 0
at 0 ps, Instance /aes_encdec_tb/uut/encrypter/sBoxShift/ : Warning: NUMERIC_STD.TO_INTEGER: metavalue detected, returning 0
at 0 ps, Instance /aes_encdec_tb/uut/encrypter/sBoxShift/ : Warning: NUMERIC_STD.TO_INTEGER: metavalue detected, returning 0
at 0 ps, Instance /aes_encdec_tb/uut/encrypter/sBoxShift/ : Warning: NUMERIC_STD.TO_INTEGER: metavalue detected, returning 0
at 0 ps, Instance /aes_encdec_tb/uut/encrypter/mix0/ : Warning: NUMERIC_STD.TO_INTEGER: metavalue detected, returning 0
at 0 ps, Instance /aes_encdec_tb/uut/encrypter/mix0/ : Warning: NUMERIC_STD.TO_INTEGER: metavalue detected, returning 0
at 0 ps, Instance /aes_encdec_tb/uut/encrypter/mix0/ : Warning: NUMERIC_STD.TO_INTEGER: metavalue detected, returning 0
at 0 ps, Instance /aes_encdec_tb/uut/encrypter/mix0/ : Warning: NUMERIC_STD.TO_INTEGER: metavalue detected, returning 0
at 0 ps, Instance /aes_encdec_tb/uut/encrypter/mix0/ : Warning: NUMERIC_STD.TO_INTEGER: metavalue detected, returning 0
at 0 ps, Instance /aes_encdec_tb/uut/encrypter/mix0/ : Warning: NUMERIC_STD.TO_INTEGER: metavalue detected, returning 0
at 0 ps, Instance /aes_encdec_tb/uut/encrypter/mix0/ : Warning: NUMERIC_STD.TO_INTEGER: metavalue detected, returning 0
at 0 ps, Instance /aes_encdec_tb/uut/encrypter/mix0/ : Warning: NUMERIC_STD.TO_INTEGER: metavalue detected, returning 0
at 0 ps, Instance /aes_encdec_tb/uut/encrypter/mix1/ : Warning: NUMERIC_STD.TO_INTEGER: metavalue detected, returning 0
at 0 ps, Instance /aes_encdec_tb/uut/encrypter/mix1/ : Warning: NUMERIC_STD.TO_INTEGER: metavalue detected, returning 0
at 0 ps, Instance /aes_encdec_tb/uut/encrypter/mix1/ : Warning: NUMERIC_STD.TO_INTEGER: metavalue detected, returning 0
at 0 ps, Instance /aes_encdec_tb/uut/encrypter/mix1/ : Warning: NUMERIC_STD.TO_INTEGER: metavalue detected, returning 0
at 0 ps, Instance /aes_encdec_tb/uut/encrypter/mix1/ : Warning: NUMERIC_STD.TO_INTEGER: metavalue detected, returning 0
at 0 ps, Instance /aes_encdec_tb/uut/encrypter/mix1/ : Warning: NUMERIC_STD.TO_INTEGER: metavalue detected, returning 0
at 0 ps, Instance /aes_encdec_tb/uut/encrypter/mix1/ : Warning: NUMERIC_STD.TO_INTEGER: metavalue detected, returning 0
at 0 ps, Instance /aes_encdec_tb/uut/encrypter/mix1/ : Warning: NUMERIC_STD.TO_INTEGER: metavalue detected, returning 0
at 0 ps, Instance /aes_encdec_tb/uut/encrypter/mix2/ : Warning: NUMERIC_STD.TO_INTEGER: metavalue detected, returning 0
at 0 ps, Instance /aes_encdec_tb/uut/encrypter/mix2/ : Warning: NUMERIC_STD.TO_INTEGER: metavalue detected, returning 0
at 0 ps, Instance /aes_encdec_tb/uut/encrypter/mix2/ : Warning: NUMERIC_STD.TO_INTEGER: metavalue detected, returning 0
at 0 ps, Instance /aes_encdec_tb/uut/encrypter/mix2/ : Warning: NUMERIC_STD.TO_INTEGER: metavalue detected, returning 0
at 0 ps, Instance /aes_encdec_tb/uut/encrypter/mix2/ : Warning: NUMERIC_STD.TO_INTEGER: metavalue detected, returning 0
at 0 ps, Instance /aes_encdec_tb/uut/encrypter/mix2/ : Warning: NUMERIC_STD.TO_INTEGER: metavalue detected, returning 0
at 0 ps, Instance /aes_encdec_tb/uut/encrypter/mix2/ : Warning: NUMERIC_STD.TO_INTEGER: metavalue detected, returning 0
at 0 ps, Instance /aes_encdec_tb/uut/encrypter/mix2/ : Warning: NUMERIC_STD.TO_INTEGER: metavalue detected, returning 0
at 0 ps, Instance /aes_encdec_tb/uut/encrypter/mix3/ : Warning: NUMERIC_STD.TO_INTEGER: metavalue detected, returning 0
at 0 ps, Instance /aes_encdec_tb/uut/encrypter/mix3/ : Warning: NUMERIC_STD.TO_INTEGER: metavalue detected, returning 0
at 0 ps, Instance /aes_encdec_tb/uut/encrypter/mix3/ : Warning: NUMERIC_STD.TO_INTEGER: metavalue detected, returning 0
at 0 ps, Instance /aes_encdec_tb/uut/encrypter/mix3/ : Warning: NUMERIC_STD.TO_INTEGER: metavalue detected, returning 0
at 0 ps, Instance /aes_encdec_tb/uut/encrypter/mix3/ : Warning: NUMERIC_STD.TO_INTEGER: metavalue detected, returning 0
at 0 ps, Instance /aes_encdec_tb/uut/encrypter/mix3/ : Warning: NUMERIC_STD.TO_INTEGER: metavalue detected, returning 0
at 0 ps, Instance /aes_encdec_tb/uut/encrypter/mix3/ : Warning: NUMERIC_STD.TO_INTEGER: metavalue detected, returning 0
at 0 ps, Instance /aes_encdec_tb/uut/encrypter/mix3/ : Warning: NUMERIC_STD.TO_INTEGER: metavalue detected, returning 0
at 0 ps, Instance /aes_encdec_tb/uut/decrypter/invMix0/ : Warning: NUMERIC_STD.TO_INTEGER: metavalue detected, returning 0
at 0 ps, Instance /aes_encdec_tb/uut/decrypter/invMix0/ : Warning: NUMERIC_STD.TO_INTEGER: metavalue detected, returning 0
at 0 ps, Instance /aes_encdec_tb/uut/decrypter/invMix0/ : Warning: NUMERIC_STD.TO_INTEGER: metavalue detected, returning 0
at 0 ps, Instance /aes_encdec_tb/uut/decrypter/invMix0/ : Warning: NUMERIC_STD.TO_INTEGER: metavalue detected, returning 0
at 0 ps, Instance /aes_encdec_tb/uut/decrypter/invMix0/ : Warning: NUMERIC_STD.TO_INTEGER: metavalue detected, returning 0
at 0 ps, Instance /aes_encdec_tb/uut/decrypter/invMix0/ : Warning: NUMERIC_STD.TO_INTEGER: metavalue detected, returning 0
at 0 ps, Instance /aes_encdec_tb/uut/decrypter/invMix0/ : Warning: NUMERIC_STD.TO_INTEGER: metavalue detected, returning 0
at 0 ps, Instance /aes_encdec_tb/uut/decrypter/invMix0/ : Warning: NUMERIC_STD.TO_INTEGER: metavalue detected, returning 0
at 0 ps, Instance /aes_encdec_tb/uut/decrypter/invMix0/ : Warning: NUMERIC_STD.TO_INTEGER: metavalue detected, returning 0
at 0 ps, Instance /aes_encdec_tb/uut/decrypter/invMix0/ : Warning: NUMERIC_STD.TO_INTEGER: metavalue detected, returning 0
at 0 ps, Instance /aes_encdec_tb/uut/decrypter/invMix0/ : Warning: NUMERIC_STD.TO_INTEGER: metavalue detected, returning 0
at 0 ps, Instance /aes_encdec_tb/uut/decrypter/invMix0/ : Warning: NUMERIC_STD.TO_INTEGER: metavalue detected, returning 0
at 0 ps, Instance /aes_encdec_tb/uut/decrypter/invMix0/ : Warning: NUMERIC_STD.TO_INTEGER: metavalue detected, returning 0
at 0 ps, Instance /aes_encdec_tb/uut/decrypter/invMix0/ : Warning: NUMERIC_STD.TO_INTEGER: metavalue detected, returning 0
at 0 ps, Instance /aes_encdec_tb/uut/decrypter/invMix0/ : Warning: NUMERIC_STD.TO_INTEGER: metavalue detected, returning 0
at 0 ps, Instance /aes_encdec_tb/uut/decrypter/invMix0/ : Warning: NUMERIC_STD.TO_INTEGER: metavalue detected, returning 0
at 0 ps, Instance /aes_encdec_tb/uut/decrypter/invMix1/ : Warning: NUMERIC_STD.TO_INTEGER: metavalue detected, returning 0
at 0 ps, Instance /aes_encdec_tb/uut/decrypter/invMix1/ : Warning: NUMERIC_STD.TO_INTEGER: metavalue detected, returning 0
at 0 ps, Instance /aes_encdec_tb/uut/decrypter/invMix1/ : Warning: NUMERIC_STD.TO_INTEGER: metavalue detected, returning 0
at 0 ps, Instance /aes_encdec_tb/uut/decrypter/invMix1/ : Warning: NUMERIC_STD.TO_INTEGER: metavalue detected, returning 0
at 0 ps, Instance /aes_encdec_tb/uut/decrypter/invMix1/ : Warning: NUMERIC_STD.TO_INTEGER: metavalue detected, returning 0
at 0 ps, Instance /aes_encdec_tb/uut/decrypter/invMix1/ : Warning: NUMERIC_STD.TO_INTEGER: metavalue detected, returning 0
at 0 ps, Instance /aes_encdec_tb/uut/decrypter/invMix1/ : Warning: NUMERIC_STD.TO_INTEGER: metavalue detected, returning 0
at 0 ps, Instance /aes_encdec_tb/uut/decrypter/invMix1/ : Warning: NUMERIC_STD.TO_INTEGER: metavalue detected, returning 0
at 0 ps, Instance /aes_encdec_tb/uut/decrypter/invMix1/ : Warning: NUMERIC_STD.TO_INTEGER: metavalue detected, returning 0
at 0 ps, Instance /aes_encdec_tb/uut/decrypter/invMix1/ : Warning: NUMERIC_STD.TO_INTEGER: metavalue detected, returning 0
at 0 ps, Instance /aes_encdec_tb/uut/decrypter/invMix1/ : Warning: NUMERIC_STD.TO_INTEGER: metavalue detected, returning 0
at 0 ps, Instance /aes_encdec_tb/uut/decrypter/invMix1/ : Warning: NUMERIC_STD.TO_INTEGER: metavalue detected, returning 0
at 0 ps, Instance /aes_encdec_tb/uut/decrypter/invMix1/ : Warning: NUMERIC_STD.TO_INTEGER: metavalue detected, returning 0
at 0 ps, Instance /aes_encdec_tb/uut/decrypter/invMix1/ : Warning: NUMERIC_STD.TO_INTEGER: metavalue detected, returning 0
at 0 ps, Instance /aes_encdec_tb/uut/decrypter/invMix1/ : Warning: NUMERIC_STD.TO_INTEGER: metavalue detected, returning 0
at 0 ps, Instance /aes_encdec_tb/uut/decrypter/invMix1/ : Warning: NUMERIC_STD.TO_INTEGER: metavalue detected, returning 0
at 0 ps, Instance /aes_encdec_tb/uut/decrypter/invMix2/ : Warning: NUMERIC_STD.TO_INTEGER: metavalue detected, returning 0
at 0 ps, Instance /aes_encdec_tb/uut/decrypter/invMix2/ : Warning: NUMERIC_STD.TO_INTEGER: metavalue detected, returning 0
at 0 ps, Instance /aes_encdec_tb/uut/decrypter/invMix2/ : Warning: NUMERIC_STD.TO_INTEGER: metavalue detected, returning 0
at 0 ps, Instance /aes_encdec_tb/uut/decrypter/invMix2/ : Warning: NUMERIC_STD.TO_INTEGER: metavalue detected, returning 0
at 0 ps, Instance /aes_encdec_tb/uut/decrypter/invMix2/ : Warning: NUMERIC_STD.TO_INTEGER: metavalue detected, returning 0
at 0 ps, Instance /aes_encdec_tb/uut/decrypter/invMix2/ : Warning: NUMERIC_STD.TO_INTEGER: metavalue detected, returning 0
at 0 ps, Instance /aes_encdec_tb/uut/decrypter/invMix2/ : Warning: NUMERIC_STD.TO_INTEGER: metavalue detected, returning 0
at 0 ps, Instance /aes_encdec_tb/uut/decrypter/invMix2/ : Warning: NUMERIC_STD.TO_INTEGER: metavalue detected, returning 0
at 0 ps, Instance /aes_encdec_tb/uut/decrypter/invMix2/ : Warning: NUMERIC_STD.TO_INTEGER: metavalue detected, returning 0
at 0 ps, Instance /aes_encdec_tb/uut/decrypter/invMix2/ : Warning: NUMERIC_STD.TO_INTEGER: metavalue detected, returning 0
at 0 ps, Instance /aes_encdec_tb/uut/decrypter/invMix2/ : Warning: NUMERIC_STD.TO_INTEGER: metavalue detected, returning 0
at 0 ps, Instance /aes_encdec_tb/uut/decrypter/invMix2/ : Warning: NUMERIC_STD.TO_INTEGER: metavalue detected, returning 0
at 0 ps, Instance /aes_encdec_tb/uut/decrypter/invMix2/ : Warning: NUMERIC_STD.TO_INTEGER: metavalue detected, returning 0
at 0 ps, Instance /aes_encdec_tb/uut/decrypter/invMix2/ : Warning: NUMERIC_STD.TO_INTEGER: metavalue detected, returning 0
at 0 ps, Instance /aes_encdec_tb/uut/decrypter/invMix2/ : Warning: NUMERIC_STD.TO_INTEGER: metavalue detected, returning 0
at 0 ps, Instance /aes_encdec_tb/uut/decrypter/invMix2/ : Warning: NUMERIC_STD.TO_INTEGER: metavalue detected, returning 0
at 0 ps, Instance /aes_encdec_tb/uut/decrypter/invMix3/ : Warning: NUMERIC_STD.TO_INTEGER: metavalue detected, returning 0
at 0 ps, Instance /aes_encdec_tb/uut/decrypter/invMix3/ : Warning: NUMERIC_STD.TO_INTEGER: metavalue detected, returning 0
at 0 ps, Instance /aes_encdec_tb/uut/decrypter/invMix3/ : Warning: NUMERIC_STD.TO_INTEGER: metavalue detected, returning 0
at 0 ps, Instance /aes_encdec_tb/uut/decrypter/invMix3/ : Warning: NUMERIC_STD.TO_INTEGER: metavalue detected, returning 0
at 0 ps, Instance /aes_encdec_tb/uut/decrypter/invMix3/ : Warning: NUMERIC_STD.TO_INTEGER: metavalue detected, returning 0
at 0 ps, Instance /aes_encdec_tb/uut/decrypter/invMix3/ : Warning: NUMERIC_STD.TO_INTEGER: metavalue detected, returning 0
at 0 ps, Instance /aes_encdec_tb/uut/decrypter/invMix3/ : Warning: NUMERIC_STD.TO_INTEGER: metavalue detected, returning 0
at 0 ps, Instance /aes_encdec_tb/uut/decrypter/invMix3/ : Warning: NUMERIC_STD.TO_INTEGER: metavalue detected, returning 0
at 0 ps, Instance /aes_encdec_tb/uut/decrypter/invMix3/ : Warning: NUMERIC_STD.TO_INTEGER: metavalue detected, returning 0
at 0 ps, Instance /aes_encdec_tb/uut/decrypter/invMix3/ : Warning: NUMERIC_STD.TO_INTEGER: metavalue detected, returning 0
at 0 ps, Instance /aes_encdec_tb/uut/decrypter/invMix3/ : Warning: NUMERIC_STD.TO_INTEGER: metavalue detected, returning 0
at 0 ps, Instance /aes_encdec_tb/uut/decrypter/invMix3/ : Warning: NUMERIC_STD.TO_INTEGER: metavalue detected, returning 0
at 0 ps, Instance /aes_encdec_tb/uut/decrypter/invMix3/ : Warning: NUMERIC_STD.TO_INTEGER: metavalue detected, returning 0
at 0 ps, Instance /aes_encdec_tb/uut/decrypter/invMix3/ : Warning: NUMERIC_STD.TO_INTEGER: metavalue detected, returning 0
at 0 ps, Instance /aes_encdec_tb/uut/decrypter/invMix3/ : Warning: NUMERIC_STD.TO_INTEGER: metavalue detected, returning 0
at 0 ps, Instance /aes_encdec_tb/uut/decrypter/invMix3/ : Warning: NUMERIC_STD.TO_INTEGER: metavalue detected, returning 0
at 0 ps, Instance /aes_encdec_tb/uut/decrypter/invSbox/ : Warning: NUMERIC_STD.TO_INTEGER: metavalue detected, returning 0
at 0 ps, Instance /aes_encdec_tb/uut/decrypter/invSbox/ : Warning: NUMERIC_STD.TO_INTEGER: metavalue detected, returning 0
at 0 ps, Instance /aes_encdec_tb/uut/decrypter/invSbox/ : Warning: NUMERIC_STD.TO_INTEGER: metavalue detected, returning 0
at 0 ps, Instance /aes_encdec_tb/uut/decrypter/invSbox/ : Warning: NUMERIC_STD.TO_INTEGER: metavalue detected, returning 0
at 0 ps, Instance /aes_encdec_tb/uut/decrypter/invSbox/ : Warning: NUMERIC_STD.TO_INTEGER: metavalue detected, returning 0
at 0 ps, Instance /aes_encdec_tb/uut/decrypter/invSbox/ : Warning: NUMERIC_STD.TO_INTEGER: metavalue detected, returning 0
at 0 ps, Instance /aes_encdec_tb/uut/decrypter/invSbox/ : Warning: NUMERIC_STD.TO_INTEGER: metavalue detected, returning 0
at 0 ps, Instance /aes_encdec_tb/uut/decrypter/invSbox/ : Warning: NUMERIC_STD.TO_INTEGER: metavalue detected, returning 0
at 0 ps, Instance /aes_encdec_tb/uut/decrypter/invSbox/ : Warning: NUMERIC_STD.TO_INTEGER: metavalue detected, returning 0
at 0 ps, Instance /aes_encdec_tb/uut/decrypter/invSbox/ : Warning: NUMERIC_STD.TO_INTEGER: metavalue detected, returning 0
at 0 ps, Instance /aes_encdec_tb/uut/decrypter/invSbox/ : Warning: NUMERIC_STD.TO_INTEGER: metavalue detected, returning 0
at 0 ps, Instance /aes_encdec_tb/uut/decrypter/invSbox/ : Warning: NUMERIC_STD.TO_INTEGER: metavalue detected, returning 0
at 0 ps, Instance /aes_encdec_tb/uut/decrypter/invSbox/ : Warning: NUMERIC_STD.TO_INTEGER: metavalue detected, returning 0
at 0 ps, Instance /aes_encdec_tb/uut/decrypter/invSbox/ : Warning: NUMERIC_STD.TO_INTEGER: metavalue detected, returning 0
at 0 ps, Instance /aes_encdec_tb/uut/decrypter/invSbox/ : Warning: NUMERIC_STD.TO_INTEGER: metavalue detected, returning 0
at 0 ps, Instance /aes_encdec_tb/uut/decrypter/invSbox/ : Warning: NUMERIC_STD.TO_INTEGER: metavalue detected, returning 0
at 0 ps, Instance /aes_encdec_tb/uut/keyScheduler/keyRAM/ : Warning: NUMERIC_STD.TO_INTEGER: metavalue detected, returning 0
at 0 ps, Instance /aes_encdec_tb/uut/keyScheduler/keyExpand/ : Warning: NUMERIC_STD.TO_INTEGER: metavalue detected, returning 0
at 0 ps, Instance /aes_encdec_tb/uut/keyScheduler/keyExpand/ : Warning: NUMERIC_STD.TO_INTEGER: metavalue detected, returning 0
at 0 ps, Instance /aes_encdec_tb/uut/keyScheduler/keyExpand/ : Warning: NUMERIC_STD.TO_INTEGER: metavalue detected, returning 0
at 0 ps, Instance /aes_encdec_tb/uut/keyScheduler/keyExpand/ : Warning: NUMERIC_STD.TO_INTEGER: metavalue detected, returning 0
at 0 ps, Instance /aes_encdec_tb/uut/keyScheduler/keyExpand/ : Warning: NUMERIC_STD.TO_INTEGER: metavalue detected, returning 0
Finished circuit initialization process.
at 0 ps, Instance /aes_encdec_tb/uut/keyScheduler/keyExpand/ : Warning: NUMERIC_STD.TO_INTEGER: metavalue detected, returning 0
